<?xml version="1.0" encoding="UTF-8"?>
<!-- Generated by org.testng.reporters.JUnitXMLReporter -->
<testsuite ignored="0" hostname="MR-EAJYNIA-01" failures="0" tests="1" name="chrome" time="0.039" errors="0" timestamp="2020-05-22T14:01:58 CST">
  <testcase classname="Allbrowser.chrome" name="@BeforeClass beforeMethod" time="-1.590127318062E9">
    <failure type="org.testng.TestNGException" message="
Parameter &amp;apos;browser&amp;apos; is required by BeforeClass on method beforeMethod but has not been marked @Optional or defined
in E:\eclipse\TestNg_Demo_\NewFile.xml">
      <![CDATA[org.testng.TestNGException: 
Parameter 'browser' is required by BeforeClass on method beforeMethod but has not been marked @Optional or defined
in E:\eclipse\TestNg_Demo_\NewFile.xml
at java.base/java.util.ArrayList.forEach(ArrayList.java:1510)
at java.base/java.util.concurrent.FutureTask.run(FutureTask.java:264)
at java.base/java.util.concurrent.ThreadPoolExecutor.runWorker(ThreadPoolExecutor.java:1130)
at java.base/java.util.concurrent.ThreadPoolExecutor$Worker.run(ThreadPoolExecutor.java:630)
at java.base/java.lang.Thread.run(Thread.java:832)
... Removed 13 stack frames]]>
    </failure>
  </testcase> <!-- @BeforeClass beforeMethod -->
  <testcase classname="Allbrowser.chrome" name="@AfterMethod afterMethod" time="-1.590127318083E9">
    <skipped/>
  </testcase> <!-- @AfterMethod afterMethod -->
  <testcase classname="Allbrowser.chrome" name="f" time="0.0">
    <skipped/>
  </testcase> <!-- f -->
</testsuite> <!-- chrome -->
