<?xml version="1.0" encoding="UTF-8"?>
<!-- Generated by org.testng.reporters.JUnitReportReporter -->
<testsuite hostname="MR-EAJYNIA-01" failures="0" tests="2" name="com.paybank.cn.AssistidoScript" time="2.427" errors="1" timestamp="2020-09-22T14:44:30 CST" skipped="1">
  <testcase classname="com.paybank.cn.AssistidoScript" name="Assistido" time="0.000">
    <skipped/>
  </testcase> <!-- Assistido -->
  <system-out/>
  <testcase classname="com.paybank.cn.AssistidoScript" name="beforeMethod" time="2.427">
    <error message="session not created: This version of ChromeDriver only supports Chrome version 83
Build info: version: &#039;3.141.59&#039;, revision: &#039;e82be7d358&#039;, time: &#039;2018-11-14T08:25:48&#039;
System info: host: &#039;MR-EAJYNIA-01&#039;, ip: &#039;10.164.103.218&#039;, os.name: &#039;Windows 10&#039;, os.arch: &#039;amd64&#039;, os.version: &#039;10.0&#039;, java.version: &#039;14.0.1&#039;
Driver info: driver.version: ChromeDriver
remote stacktrace: Backtrace:
	Ordinal0 [0x008F9443+2724931]
	Ordinal0 [0x007F8421+1672225]
	Ordinal0 [0x006E0339+525113]
	Ordinal0 [0x00670B77+68471]
	Ordinal0 [0x0066D32C+54060]
	Ordinal0 [0x0068CC37+183351]
	Ordinal0 [0x0068CA3D+182845]
	Ordinal0 [0x0068A94B+174411]
	Ordinal0 [0x00672528+75048]
	Ordinal0 [0x006735A0+79264]
	Ordinal0 [0x00673539+79161]
	Ordinal0 [0x0080D4D7+1758423]
	GetHandleVerifier [0x00A15D96+1050070]
	GetHandleVerifier [0x00A15AE1+1049377]
	GetHandleVerifier [0x00A20927+1093991]
	GetHandleVerifier [0x00A16396+1051606]
	Ordinal0 [0x008059D6+1726934]
	Ordinal0 [0x0080EA4B+1763915]
	Ordinal0 [0x0080EBB3+1764275]
	Ordinal0 [0x00824AD5+1854165]
	BaseThreadInitThunk [0x75B960C9+25]
	RtlGetAppContainerNamedObjectPath [0x775B7A94+228]
	RtlGetAppContainerNamedObjectPath [0x775B7A64+180]
" type="org.openqa.selenium.SessionNotCreatedException">
      <![CDATA[org.openqa.selenium.SessionNotCreatedException: session not created: This version of ChromeDriver only supports Chrome version 83
Build info: version: '3.141.59', revision: 'e82be7d358', time: '2018-11-14T08:25:48'
System info: host: 'MR-EAJYNIA-01', ip: '10.164.103.218', os.name: 'Windows 10', os.arch: 'amd64', os.version: '10.0', java.version: '14.0.1'
Driver info: driver.version: ChromeDriver
remote stacktrace: Backtrace:
Ordinal0 [0x008F9443+2724931]
Ordinal0 [0x007F8421+1672225]
Ordinal0 [0x006E0339+525113]
Ordinal0 [0x00670B77+68471]
Ordinal0 [0x0066D32C+54060]
Ordinal0 [0x0068CC37+183351]
Ordinal0 [0x0068CA3D+182845]
Ordinal0 [0x0068A94B+174411]
Ordinal0 [0x00672528+75048]
Ordinal0 [0x006735A0+79264]
Ordinal0 [0x00673539+79161]
Ordinal0 [0x0080D4D7+1758423]
GetHandleVerifier [0x00A15D96+1050070]
GetHandleVerifier [0x00A15AE1+1049377]
GetHandleVerifier [0x00A20927+1093991]
GetHandleVerifier [0x00A16396+1051606]
Ordinal0 [0x008059D6+1726934]
Ordinal0 [0x0080EA4B+1763915]
Ordinal0 [0x0080EBB3+1764275]
Ordinal0 [0x00824AD5+1854165]
BaseThreadInitThunk [0x75B960C9+25]
RtlGetAppContainerNamedObjectPath [0x775B7A94+228]
RtlGetAppContainerNamedObjectPath [0x775B7A64+180]

at java.base/jdk.internal.reflect.NativeConstructorAccessorImpl.newInstance0(Native Method)
at java.base/jdk.internal.reflect.NativeConstructorAccessorImpl.newInstance(NativeConstructorAccessorImpl.java:62)
at java.base/jdk.internal.reflect.DelegatingConstructorAccessorImpl.newInstance(DelegatingConstructorAccessorImpl.java:45)
at java.base/java.lang.reflect.Constructor.newInstanceWithCaller(Constructor.java:500)
at java.base/java.lang.reflect.Constructor.newInstance(Constructor.java:481)
at org.openqa.selenium.remote.W3CHandshakeResponse.lambda$errorHandler$0(W3CHandshakeResponse.java:62)
at org.openqa.selenium.remote.HandshakeResponse.lambda$getResponseFunction$0(HandshakeResponse.java:30)
at org.openqa.selenium.remote.ProtocolHandshake.lambda$createSession$0(ProtocolHandshake.java:126)
at java.base/java.util.stream.ReferencePipeline$3$1.accept(ReferencePipeline.java:195)
at java.base/java.util.Spliterators$ArraySpliterator.tryAdvance(Spliterators.java:958)
at java.base/java.util.stream.ReferencePipeline.forEachWithCancel(ReferencePipeline.java:127)
at java.base/java.util.stream.AbstractPipeline.copyIntoWithCancel(AbstractPipeline.java:502)
at java.base/java.util.stream.AbstractPipeline.copyInto(AbstractPipeline.java:488)
at java.base/java.util.stream.AbstractPipeline.wrapAndCopyInto(AbstractPipeline.java:474)
at java.base/java.util.stream.FindOps$FindOp.evaluateSequential(FindOps.java:150)
at java.base/java.util.stream.AbstractPipeline.evaluate(AbstractPipeline.java:234)
at java.base/java.util.stream.ReferencePipeline.findFirst(ReferencePipeline.java:543)
at org.openqa.selenium.remote.ProtocolHandshake.createSession(ProtocolHandshake.java:128)
at org.openqa.selenium.remote.ProtocolHandshake.createSession(ProtocolHandshake.java:74)
at org.openqa.selenium.remote.HttpCommandExecutor.execute(HttpCommandExecutor.java:136)
at org.openqa.selenium.remote.service.DriverCommandExecutor.execute(DriverCommandExecutor.java:83)
at org.openqa.selenium.remote.RemoteWebDriver.execute(RemoteWebDriver.java:552)
at org.openqa.selenium.remote.RemoteWebDriver.startSession(RemoteWebDriver.java:213)
at org.openqa.selenium.remote.RemoteWebDriver.<init>(RemoteWebDriver.java:131)
at org.openqa.selenium.chrome.ChromeDriver.<init>(ChromeDriver.java:181)
at org.openqa.selenium.chrome.ChromeDriver.<init>(ChromeDriver.java:168)
at org.openqa.selenium.chrome.ChromeDriver.<init>(ChromeDriver.java:123)
at Drivebase.Base_webdriver_browser.chrome(Base_webdriver_browser.java:19)
at com.paybank.cn.AssistidoScript.beforeMethod(AssistidoScript.java:82)
at java.base/jdk.internal.reflect.NativeMethodAccessorImpl.invoke0(Native Method)
at java.base/jdk.internal.reflect.NativeMethodAccessorImpl.invoke(NativeMethodAccessorImpl.java:62)
at java.base/jdk.internal.reflect.DelegatingMethodAccessorImpl.invoke(DelegatingMethodAccessorImpl.java:43)
at java.base/java.lang.reflect.Method.invoke(Method.java:564)
at org.testng.internal.MethodInvocationHelper.invokeMethod(MethodInvocationHelper.java:135)
at org.testng.internal.MethodInvocationHelper.invokeMethodConsideringTimeout(MethodInvocationHelper.java:64)
at org.testng.internal.ConfigInvoker.invokeConfigurationMethod(ConfigInvoker.java:364)
at org.testng.internal.ConfigInvoker.invokeConfigurations(ConfigInvoker.java:318)
at org.testng.internal.TestInvoker.runConfigMethods(TestInvoker.java:700)
at org.testng.internal.TestInvoker.invokeMethod(TestInvoker.java:527)
at org.testng.internal.TestInvoker.invokeTestMethod(TestInvoker.java:174)
at org.testng.internal.MethodRunner.runInSequence(MethodRunner.java:46)
at org.testng.internal.TestInvoker$MethodInvocationAgent.invoke(TestInvoker.java:821)
at org.testng.internal.TestInvoker.invokeTestMethods(TestInvoker.java:147)
at org.testng.internal.TestMethodWorker.invokeTestMethods(TestMethodWorker.java:146)
at org.testng.internal.TestMethodWorker.run(TestMethodWorker.java:128)
at java.base/java.util.ArrayList.forEach(ArrayList.java:1510)
at org.testng.TestRunner.privateRun(TestRunner.java:767)
at org.testng.TestRunner.run(TestRunner.java:588)
at org.testng.SuiteRunner.runTest(SuiteRunner.java:384)
at org.testng.SuiteRunner.runSequentially(SuiteRunner.java:378)
at org.testng.SuiteRunner.privateRun(SuiteRunner.java:337)
at org.testng.SuiteRunner.run(SuiteRunner.java:286)
at org.testng.SuiteRunnerWorker.runSuite(SuiteRunnerWorker.java:53)
at org.testng.SuiteRunnerWorker.run(SuiteRunnerWorker.java:96)
at org.testng.TestNG.runSuitesSequentially(TestNG.java:1214)
at org.testng.TestNG.runSuitesLocally(TestNG.java:1136)
at org.testng.TestNG.runSuites(TestNG.java:1066)
at org.testng.TestNG.run(TestNG.java:1034)
at org.testng.remote.AbstractRemoteTestNG.run(AbstractRemoteTestNG.java:115)
at org.testng.remote.RemoteTestNG.initAndRun(RemoteTestNG.java:251)
at org.testng.remote.RemoteTestNG.main(RemoteTestNG.java:77)
]]>
    </error>
  </testcase> <!-- beforeMethod -->
  <system-out/>
</testsuite> <!-- com.paybank.cn.AssistidoScript -->
